Build started 2015-08-28 오후 10:31:37.
     1>Project "C:\Users\JooYeon\Desktop\network\실습\Echo_IOMultiplexing\client\client\client.vcxproj" on node 2 (Build target(s)).
     1>PrepareForBuild:
         Creating directory "C:\Users\JooYeon\Desktop\network\실습\Echo_IOMultiplexing\client\Release\".
         Creating directory "Release\client.tlog\".
       InitializeBuildStatus:
         Creating "Release\client.tlog\unsuccessfulbuild" because "AlwaysCreate" was specified.
       ClCompile:
         D:\program file\Microsoft\Microsoft Visual Studio 13.0\VC\bin\CL.exe /c /Zi /nologo /W3 /WX- /O2 /Oi /Oy- /GL /D WIN32 /D NDEBUG /D _CONSOLE /D _LIB /D _UNICODE /D UNICODE /Gm- /EHsc /MD /GS /Gy /fp:precise /Zc:wchar_t /Zc:forScope /Fo"Release\\" /Fd"Release\vc120.pdb" /Gd /TP /analyze- /errorReport:prompt client.cpp
         client.cpp
     1>client.cpp(52): warning C4996: 'gets': This function or variable may be unsafe. Consider using gets_s instead. To disable deprecation, use _CRT_SECURE_NO_WARNINGS. See online help for details.
                 D:\program file\Microsoft\Microsoft Visual Studio 13.0\VC\include\stdio.h(254) : see declaration of 'gets'
     1>client.cpp(53): warning C4996: 'strcpy': This function or variable may be unsafe. Consider using strcpy_s instead. To disable deprecation, use _CRT_SECURE_NO_WARNINGS. See online help for details.
                 D:\program file\Microsoft\Microsoft Visual Studio 13.0\VC\include\string.h(112) : see declaration of 'strcpy'
     1>client.cpp(61): warning C4996: 'gets': This function or variable may be unsafe. Consider using gets_s instead. To disable deprecation, use _CRT_SECURE_NO_WARNINGS. See online help for details.
                 D:\program file\Microsoft\Microsoft Visual Studio 13.0\VC\include\stdio.h(254) : see declaration of 'gets'
       Link:
         D:\program file\Microsoft\Microsoft Visual Studio 13.0\VC\bin\link.exe /ERRORREPORT:PROMPT /OUT:"C:\Users\JooYeon\Desktop\network\실습\Echo_IOMultiplexing\client\Release\client.exe" /INCREMENTAL:NO /NOLOGO kernel32.lib user32.lib gdi32.lib winspool.lib comdlg32.lib advapi32.lib shell32.lib ole32.lib oleaut32.lib uuid.lib odbc32.lib odbccp32.lib /MANIFEST /MANIFESTUAC:"level='asInvoker' uiAccess='false'" /manifest:embed /DEBUG /PDB:"C:\Users\JooYeon\Desktop\network\실습\Echo_IOMultiplexing\client\Release\client.pdb" /SUBSYSTEM:CONSOLE /OPT:REF /OPT:ICF /LTCG /TLBID:1 /DYNAMICBASE /NXCOMPAT /IMPLIB:"C:\Users\JooYeon\Desktop\network\실습\Echo_IOMultiplexing\client\Release\client.lib" /MACHINE:X86 /SAFESEH Release\client.obj
         Generating code
         Finished generating code
         client.vcxproj -> C:\Users\JooYeon\Desktop\network\실습\Echo_IOMultiplexing\client\Release\client.exe
       FinalizeBuildStatus:
         Deleting file "Release\client.tlog\unsuccessfulbuild".
         Touching "Release\client.tlog\client.lastbuildstate".
     1>Done Building Project "C:\Users\JooYeon\Desktop\network\실습\Echo_IOMultiplexing\client\client\client.vcxproj" (Build target(s)).

Build succeeded.

Time Elapsed 00:00:01.82
