Build started 2015-08-29 오전 2:22:52.
     1>Project "C:\Users\JooYeon\Desktop\IOM test\clnt\clnt\clnt.vcxproj" on node 2 (Build target(s)).
     1>InitializeBuildStatus:
         Creating "Debug\clnt.tlog\unsuccessfulbuild" because "AlwaysCreate" was specified.
       ClCompile:
         D:\program file\Microsoft\Microsoft Visual Studio 13.0\VC\bin\CL.exe /c /ZI /nologo /W3 /WX- /Od /Oy- /D WIN32 /D _DEBUG /D _CONSOLE /D _LIB /D _UNICODE /D UNICODE /Gm /EHsc /RTC1 /MDd /GS /fp:precise /Zc:wchar_t /Zc:forScope /Fo"Debug\\" /Fd"Debug\vc120.pdb" /Gd /TP /analyze- /errorReport:prompt clnt.cpp
         clnt.cpp
     1>c:\users\jooyeon\desktop\iom test\clnt\clnt\clnt.cpp(60): warning C4996: 'scanf': This function or variable may be unsafe. Consider using scanf_s instead. To disable deprecation, use _CRT_SECURE_NO_WARNINGS. See online help for details.
                 d:\program file\microsoft\microsoft visual studio 13.0\vc\include\stdio.h(283) : see declaration of 'scanf'
     1>c:\users\jooyeon\desktop\iom test\clnt\clnt\clnt.cpp(70): warning C4996: 'scanf': This function or variable may be unsafe. Consider using scanf_s instead. To disable deprecation, use _CRT_SECURE_NO_WARNINGS. See online help for details.
                 d:\program file\microsoft\microsoft visual studio 13.0\vc\include\stdio.h(283) : see declaration of 'scanf'
     1>c:\users\jooyeon\desktop\iom test\clnt\clnt\clnt.cpp(76): warning C4996: 'scanf': This function or variable may be unsafe. Consider using scanf_s instead. To disable deprecation, use _CRT_SECURE_NO_WARNINGS. See online help for details.
                 d:\program file\microsoft\microsoft visual studio 13.0\vc\include\stdio.h(283) : see declaration of 'scanf'
       Link:
         D:\program file\Microsoft\Microsoft Visual Studio 13.0\VC\bin\link.exe /ERRORREPORT:PROMPT /OUT:"C:\Users\JooYeon\Desktop\IOM test\clnt\Debug\clnt.exe" /INCREMENTAL /NOLOGO kernel32.lib user32.lib gdi32.lib winspool.lib comdlg32.lib advapi32.lib shell32.lib ole32.lib oleaut32.lib uuid.lib odbc32.lib odbccp32.lib /MANIFEST /MANIFESTUAC:"level='asInvoker' uiAccess='false'" /manifest:embed /DEBUG /PDB:"C:\Users\JooYeon\Desktop\IOM test\clnt\Debug\clnt.pdb" /SUBSYSTEM:CONSOLE /TLBID:1 /DYNAMICBASE /NXCOMPAT /IMPLIB:"C:\Users\JooYeon\Desktop\IOM test\clnt\Debug\clnt.lib" /MACHINE:X86 Debug\clnt.obj
         clnt.vcxproj -> C:\Users\JooYeon\Desktop\IOM test\clnt\Debug\clnt.exe
       FinalizeBuildStatus:
         Deleting file "Debug\clnt.tlog\unsuccessfulbuild".
         Touching "Debug\clnt.tlog\clnt.lastbuildstate".
     1>Done Building Project "C:\Users\JooYeon\Desktop\IOM test\clnt\clnt\clnt.vcxproj" (Build target(s)).

Build succeeded.

Time Elapsed 00:00:01.57
